2025-01-06 00:37:17,978 [INFO] UtilMem:75 - End SaveConfig() Used Memory: 744165312 Bytes (1073741824)
2025-01-06 00:37:18,073 [INFO] BlockDiagram:2766 - set Specific Code input for plugin: NVIC
2025-01-06 00:37:18,073 [INFO] BlockDiagram:2766 - set Specific Code input for plugin: USART
2025-01-06 00:37:18,073 [INFO] BlockDiagram:2766 - set Specific Code input for plugin: SYS
2025-01-06 00:37:18,073 [INFO] BlockDiagram:2766 - set Specific Code input for plugin: GPIO
2025-01-06 00:37:18,073 [INFO] BlockDiagram:2766 - set Specific Code input for plugin: RCC
2025-01-06 00:37:18,073 [INFO] CodeGenerator:807 - code generatio: config db path: C:\ST\STM32CubeIDE_1.16.0\STM32CubeIDE\plugins\com.st.stm32cube.common.mx_6.12.0.202406281431\\db\
2025-01-06 00:37:18,128 [INFO] CodeEngine:255 - oldGeneratedFile, C:\Users\user\STM32CubeIDE\workspace_1.16.0\user app\MXTmpFiles\license.tmp_save
2025-01-06 00:37:18,225 [INFO] CodeEngine:279 - Generated code: C:\Users\user\STM32CubeIDE\workspace_1.16.0\user app\MXTmpFiles\license.tmp
2025-01-06 00:37:18,240 [INFO] CodeEngine:255 - oldGeneratedFile, C:\Users\user\STM32CubeIDE\workspace_1.16.0\user app\MXTmpFiles\gpio.tmp_save
2025-01-06 00:37:18,337 [INFO] CodeEngine:279 - Generated code: C:\Users\user\STM32CubeIDE\workspace_1.16.0\user app\MXTmpFiles\gpio.tmp
2025-01-06 00:37:18,376 [INFO] CodeEngine:255 - oldGeneratedFile, C:\Users\user\STM32CubeIDE\workspace_1.16.0\user app\Core\Src\stm32f4xx_it.c_save
2025-01-06 00:37:18,495 [INFO] CodeEngine:279 - Generated code: C:\Users\user\STM32CubeIDE\workspace_1.16.0\user app\Core\Src\stm32f4xx_it.c
2025-01-06 00:37:18,499 [INFO] CodeEngine:255 - oldGeneratedFile, C:\Users\user\STM32CubeIDE\workspace_1.16.0\user app\Core\Inc\stm32f4xx_it.h_save
2025-01-06 00:37:18,545 [INFO] CodeEngine:279 - Generated code: C:\Users\user\STM32CubeIDE\workspace_1.16.0\user app\Core\Inc\stm32f4xx_it.h
2025-01-06 00:37:18,559 [INFO] CodeEngine:255 - oldGeneratedFile, C:\Users\user\STM32CubeIDE\workspace_1.16.0\user app\Core\Src\stm32f4xx_hal_msp.c_save
2025-01-06 00:37:18,653 [INFO] CodeEngine:279 - Generated code: C:\Users\user\STM32CubeIDE\workspace_1.16.0\user app\Core\Src\stm32f4xx_hal_msp.c
2025-01-06 00:37:18,655 [INFO] CodeEngine:255 - oldGeneratedFile, C:\Users\user\STM32CubeIDE\workspace_1.16.0\user app\MXTmpFiles\system.tmp_save
2025-01-06 00:37:18,692 [INFO] CodeEngine:279 - Generated code: C:\Users\user\STM32CubeIDE\workspace_1.16.0\user app\MXTmpFiles\system.tmp
2025-01-06 00:37:18,711 [INFO] CodeEngine:311 - oldGeneratedFile, C:\Users\user\STM32CubeIDE\workspace_1.16.0\user app\Core\Inc\stm32f4xx_hal_conf.h_save
2025-01-06 00:37:18,773 [INFO] CodeEngine:335 - Generated code: C:\Users\user\STM32CubeIDE\workspace_1.16.0\user app\Core\Inc\stm32f4xx_hal_conf.h
2025-01-06 00:37:18,805 [INFO] CodeEngine:255 - oldGeneratedFile, C:\Users\user\STM32CubeIDE\workspace_1.16.0\user app\Core\Inc\main.h_save
2025-01-06 00:37:18,857 [INFO] CodeEngine:279 - Generated code: C:\Users\user\STM32CubeIDE\workspace_1.16.0\user app\Core\Inc\main.h
2025-01-06 00:37:18,869 [INFO] CodeEngine:255 - oldGeneratedFile, C:\Users\user\STM32CubeIDE\workspace_1.16.0\user app\Core\Src\main.c_save
2025-01-06 00:37:18,930 [INFO] CodeEngine:279 - Generated code: C:\Users\user\STM32CubeIDE\workspace_1.16.0\user app\Core\Src\main.c
2025-01-06 00:37:19,124 [INFO] ProjectBuilder:3249 - Time for Copy HAL[1] : 101mS.
2025-01-06 00:37:19,125 [INFO] ProjectBuilder:4828 - Project Generator version: 4.4.0-B60
2025-01-06 00:37:19,191 [INFO] ConfigFileManager:1531 - The Die is : DIE433
2025-01-06 00:37:19,643 [INFO] ProjectBuilder:5097 - Time for Generating toolchain IDE Files: 518mS.
2025-01-06 00:37:19,644 [INFO] ProjectBuilder:3107 - Time for Copy CMSIS : 0mS.
2025-01-06 00:37:19,647 [INFO] ProjectBuilder:3107 - Time for Copy CMSIS : 0mS.
